<?xml version="1.0" encoding="UTF-8"?>
<!-- Generated by org.testng.reporters.JUnitXMLReporter -->
<testsuite ignored="0" hostname="DESKTOP-RTOOT5Q" failures="1" tests="1" name="Create Portfolio Test" time="14.905" errors="0" timestamp="02 Dec 2019 04:21:37 GMT">
  <testcase classname="com.qtpselenium.rediff.testcases.BaseTest" name="@AfterMethod quit" time="0.0">
    <failure type="java.lang.NullPointerException">
      <![CDATA[java.lang.NullPointerException
	at com.qtpselenium.rediff.keywords.GenericKeywords.quit(GenericKeywords.java:101)
	at com.qtpselenium.rediff.driver.DriverScript.quit(DriverScript.java:64)
	at com.qtpselenium.rediff.testcases.BaseTest.quit(BaseTest.java:24)
	at java.base/java.util.concurrent.FutureTask.run(FutureTask.java:264)
	at java.base/java.util.concurrent.ThreadPoolExecutor.runWorker(ThreadPoolExecutor.java:1128)
	at java.base/java.util.concurrent.ThreadPoolExecutor$Worker.run(ThreadPoolExecutor.java:628)
	at java.base/java.lang.Thread.run(Thread.java:834)
... Removed 18 stack frames]]>
    </failure>
  </testcase> <!-- @AfterMethod quit -->
  <testcase classname="com.qtpselenium.rediff.testcases.CreatePortfolioTest" name="doLogin" time="14.239">
    <failure type="org.openqa.selenium.SessionNotCreatedException" message="session not created
from chrome not reachable
  (Session info: chrome=78.0.3904.108)
Build info: version: &amp;apos;3.141.59&amp;apos;, revision: &amp;apos;e82be7d358&amp;apos;, time: &amp;apos;2018-11-14T08:17:03&amp;apos;
System info: host: &amp;apos;DESKTOP-RTOOT5Q&amp;apos;, ip: &amp;apos;192.168.100.118&amp;apos;, os.name: &amp;apos;Windows 10&amp;apos;, os.arch: &amp;apos;amd64&amp;apos;, os.version: &amp;apos;10.0&amp;apos;, java.version: &amp;apos;11.0.5&amp;apos;
Driver info: driver.version: ChromeDriver
remote stacktrace: Backtrace:
	Ordinal0 [0x0092A903+1550595]
	Ordinal0 [0x008AA701+1025793]
	Ordinal0 [0x0082C58E+509326]
	Ordinal0 [0x008262C2+484034]
	Ordinal0 [0x00826D8D+486797]
	Ordinal0 [0x00827B05+490245]
	Ordinal0 [0x00823A85+473733]
	Ordinal0 [0x0082D330+512816]
	Ordinal0 [0x007DB649+177737]
	Ordinal0 [0x007DA8ED+174317]
	Ordinal0 [0x007D8CDB+167131]
	Ordinal0 [0x007C144A+70730]
	Ordinal0 [0x007C24D0+74960]
	Ordinal0 [0x007C2469+74857]
	Ordinal0 [0x008C42C7+1131207]
	GetHandleVerifier [0x009C70FD+523789]
	GetHandleVerifier [0x009C6E90+523168]
	GetHandleVerifier [0x009CE1E7+552695]
	GetHandleVerifier [0x009C78FA+525834]
	Ordinal0 [0x008BB7FC+1095676]
	Ordinal0 [0x008C633B+1139515]
	Ordinal0 [0x008C64A3+1139875]
	Ordinal0 [0x008C5425+1135653]
	BaseThreadInitThunk [0x75EF6359+25]
	RtlGetAppContainerNamedObjectPath [0x77DD7B74+228]
	RtlGetAppContainerNamedObjectPath [0x77DD7B44+180]
">
      <![CDATA[org.openqa.selenium.SessionNotCreatedException: session not created
from chrome not reachable
  (Session info: chrome=78.0.3904.108)
Build info: version: '3.141.59', revision: 'e82be7d358', time: '2018-11-14T08:17:03'
System info: host: 'DESKTOP-RTOOT5Q', ip: '192.168.100.118', os.name: 'Windows 10', os.arch: 'amd64', os.version: '10.0', java.version: '11.0.5'
Driver info: driver.version: ChromeDriver
remote stacktrace: Backtrace:
	Ordinal0 [0x0092A903+1550595]
	Ordinal0 [0x008AA701+1025793]
	Ordinal0 [0x0082C58E+509326]
	Ordinal0 [0x008262C2+484034]
	Ordinal0 [0x00826D8D+486797]
	Ordinal0 [0x00827B05+490245]
	Ordinal0 [0x00823A85+473733]
	Ordinal0 [0x0082D330+512816]
	Ordinal0 [0x007DB649+177737]
	Ordinal0 [0x007DA8ED+174317]
	Ordinal0 [0x007D8CDB+167131]
	Ordinal0 [0x007C144A+70730]
	Ordinal0 [0x007C24D0+74960]
	Ordinal0 [0x007C2469+74857]
	Ordinal0 [0x008C42C7+1131207]
	GetHandleVerifier [0x009C70FD+523789]
	GetHandleVerifier [0x009C6E90+523168]
	GetHandleVerifier [0x009CE1E7+552695]
	GetHandleVerifier [0x009C78FA+525834]
	Ordinal0 [0x008BB7FC+1095676]
	Ordinal0 [0x008C633B+1139515]
	Ordinal0 [0x008C64A3+1139875]
	Ordinal0 [0x008C5425+1135653]
	BaseThreadInitThunk [0x75EF6359+25]
	RtlGetAppContainerNamedObjectPath [0x77DD7B74+228]
	RtlGetAppContainerNamedObjectPath [0x77DD7B44+180]

	at org.openqa.selenium.remote.W3CHandshakeResponse.lambda$errorHandler$0(W3CHandshakeResponse.java:62)
	at org.openqa.selenium.remote.HandshakeResponse.lambda$getResponseFunction$0(HandshakeResponse.java:30)
	at org.openqa.selenium.remote.ProtocolHandshake.lambda$createSession$0(ProtocolHandshake.java:126)
	at java.base/java.util.stream.ReferencePipeline$3$1.accept(ReferencePipeline.java:195)
	at java.base/java.util.Spliterators$ArraySpliterator.tryAdvance(Spliterators.java:958)
	at java.base/java.util.stream.ReferencePipeline.forEachWithCancel(ReferencePipeline.java:127)
	at java.base/java.util.stream.AbstractPipeline.copyIntoWithCancel(AbstractPipeline.java:502)
	at java.base/java.util.stream.AbstractPipeline.copyInto(AbstractPipeline.java:488)
	at java.base/java.util.stream.AbstractPipeline.wrapAndCopyInto(AbstractPipeline.java:474)
	at java.base/java.util.stream.FindOps$FindOp.evaluateSequential(FindOps.java:150)
	at java.base/java.util.stream.AbstractPipeline.evaluate(AbstractPipeline.java:234)
	at java.base/java.util.stream.ReferencePipeline.findFirst(ReferencePipeline.java:543)
	at org.openqa.selenium.remote.ProtocolHandshake.createSession(ProtocolHandshake.java:128)
	at org.openqa.selenium.remote.ProtocolHandshake.createSession(ProtocolHandshake.java:74)
	at org.openqa.selenium.remote.HttpCommandExecutor.execute(HttpCommandExecutor.java:136)
	at org.openqa.selenium.remote.service.DriverCommandExecutor.execute(DriverCommandExecutor.java:83)
	at org.openqa.selenium.remote.RemoteWebDriver.execute(RemoteWebDriver.java:552)
	at org.openqa.selenium.remote.RemoteWebDriver.startSession(RemoteWebDriver.java:213)
	at org.openqa.selenium.remote.RemoteWebDriver.<init>(RemoteWebDriver.java:131)
	at org.openqa.selenium.chrome.ChromeDriver.<init>(ChromeDriver.java:181)
	at org.openqa.selenium.chrome.ChromeDriver.<init>(ChromeDriver.java:168)
	at org.openqa.selenium.chrome.ChromeDriver.<init>(ChromeDriver.java:123)
	at com.qtpselenium.rediff.keywords.GenericKeywords.openBrowser(GenericKeywords.java:65)
	at com.qtpselenium.rediff.driver.DriverScript.executeTest(DriverScript.java:38)
	at com.qtpselenium.rediff.testcases.CreatePortfolioTest.doLogin(CreatePortfolioTest.java:38)
	at java.base/java.util.concurrent.FutureTask.run(FutureTask.java:264)
	at java.base/java.util.concurrent.ThreadPoolExecutor.runWorker(ThreadPoolExecutor.java:1128)
	at java.base/java.util.concurrent.ThreadPoolExecutor$Worker.run(ThreadPoolExecutor.java:628)
	at java.base/java.lang.Thread.run(Thread.java:834)
... Removed 20 stack frames]]>
    </failure>
  </testcase> <!-- doLogin -->
</testsuite> <!-- Create Portfolio Test -->
